<?xml version="1.0" encoding="utf-8"?><testsuites name="pytest tests"><testsuite name="pytest" errors="0" failures="0" skipped="0" tests="16" time="29.452" timestamp="2026-08-18T06:41:27.436689+00:00" hostname="agent-env-1c973e78-39c7-46f2-b270-9b4252cc98e6"><testcase classname="tests.test_album_features.TestAlbumAccess" name="test_grant_email" time="10.812" /><testcase classname="tests.test_album_features.TestAlbumAccess" name="test_grant_phone" time="0.117" /><testcase classname="tests.test_album_features.TestAlbumAccess" name="test_grant_bad_channel" time="0.121" /><testcase classname="tests.test_album_features.TestAlbumAccess" name="test_list_access" time="0.100" /><testcase classname="tests.test_album_features.TestAlbumAccess" name="test_revoke_grant" time="0.392" /><testcase classname="tests.test_album_features.TestClientMine" name="test_client_mine_shows_granted_published_album" time="12.077" /><testcase classname="tests.test_album_features.TestAlbumMusic" name="test_upload_and_delete_music" time="1.574" /><testcase classname="tests.test_album_features.TestClientMine" name="test_client_mine_excludes_draft" time="0.864" /><testcase classname="tests.test_album_features.TestClientMine" name="test_client_mine_excludes_revoked" time="0.641" /><testcase classname="tests.test_album_features.TestAlbumMusic" name="test_upload_bad_ext_rejected" time="0.154" /><testcase classname="tests.test_album_features.TestAlbumMusic" name="test_music_survives_pdf_replace" time="12.292" /><testcase classname="tests.test_album_features.TestGalleryRegression" name="test_events_list_still_works" time="0.113" /><testcase classname="tests.test_album_features.TestGalleryRegression" name="test_meta_still_works" time="0.108" /><testcase classname="tests.test_album_features.TestGalleryRegression" name="test_album_lifecycle_create_publish_delete" time="14.151" /><testcase classname="tests.test_album_features.TestArchive" name="test_archive_blocks_public_but_preview_bypasses" time="0.786" /><testcase classname="tests.test_album_features.TestPatchSettings" name="test_patch_settings_and_clamp" time="2.750" /></testsuite></testsuites>