<?xml version="1.0" encoding="utf-8"?><testsuites name="pytest tests"><testsuite name="pytest" errors="0" failures="0" skipped="0" tests="8" time="1.494" timestamp="2026-09-05T16:37:51.928315+00:00" hostname="agent-env-19c41e42-7d75-4a69-aaa7-2ffc59c71353"><testcase classname="tests.test_auth_smart_flow.TestPhoneCheckNormalisation" name="test_check_local_format" time="0.219" /><testcase classname="tests.test_auth_smart_flow.TestAuthSession" name="test_session_missing_body_422" time="0.280" /><testcase classname="tests.test_auth_smart_flow.TestPhoneCheckNormalisation" name="test_check_e164_format_same_user" time="0.108" /><testcase classname="tests.test_auth_smart_flow.TestAuthSession" name="test_session_bogus_id_401" time="0.436" /><testcase classname="tests.test_auth_smart_flow.TestPhoneJWTMe" name="test_me_with_phone_jwt" time="0.334" /><testcase classname="tests.test_auth_smart_flow.TestSuperadminSessionRevoke" name="test_login_me_logout" time="0.513" /><testcase classname="tests.test_auth_smart_flow.TestLegacyRoutesGone" name="test_admin_login_removed" time="0.275" /><testcase classname="tests.test_auth_smart_flow.TestLegacyRoutesGone" name="test_magic_link_removed" time="0.070" /></testsuite></testsuites>