<?xml version="1.0" encoding="utf-8"?><testsuites name="pytest tests"><testsuite name="pytest" errors="0" failures="0" skipped="0" tests="11" time="2.403" timestamp="2026-09-04T11:58:53.186409+00:00" hostname="agent-env-25b6c3dc-e9f0-4809-a39d-fb2046bd19ef"><testcase classname="tests.test_phone_auth.TestSendOtp" name="test_send_otp_returns_200_and_dev_code" time="0.274" /><testcase classname="tests.test_phone_auth.TestVerifyOtp" name="test_verify_otp_client_success" time="0.462" /><testcase classname="tests.test_phone_auth.TestSendOtp" name="test_send_otp_invalid_phone" time="0.066" /><testcase classname="tests.test_phone_auth.TestAuthMe" name="test_auth_me_with_phone_jwt" time="0.251" /><testcase classname="tests.test_phone_auth.TestVerifyOtp" name="test_verify_otp_wrong_code" time="0.200" /><testcase classname="tests.test_phone_auth.TestAuthMe" name="test_auth_me_no_token_returns_401" time="0.065" /><testcase classname="tests.test_phone_auth.TestSetPassword" name="test_set_password_success" time="0.547" /><testcase classname="tests.test_phone_auth.TestVerifyOtp" name="test_verify_otp_admin_role" time="0.150" /><testcase classname="tests.test_phone_auth.TestPhonePasswordLogin" name="test_phone_login_success" time="0.950" /><testcase classname="tests.test_phone_auth.TestSetPassword" name="test_set_password_too_short" time="0.853" /><testcase classname="tests.test_phone_auth.TestPhonePasswordLogin" name="test_phone_login_wrong_password" time="0.290" /></testsuite></testsuites>