<?xml version="1.0" encoding="utf-8"?><testsuites name="pytest tests"><testsuite name="pytest" errors="0" failures="0" skipped="0" tests="13" time="5.239" timestamp="2026-08-16T06:22:23.885781+00:00" hostname="agent-env-9b77df54-11b3-4a7c-9886-3ef0be6b9d54"><testcase classname="tests.test_pik_connect_bugs.TestBug1AdminLogin" name="test_admin_login_success" time="0.378" /><testcase classname="tests.test_pik_connect_bugs.TestBug1AdminLogin" name="test_admin_login_wrong_password" time="0.324" /><testcase classname="tests.test_pik_connect_bugs.TestBug1AdminLogin" name="test_admin_me" time="0.159" /><testcase classname="tests.test_pik_connect_bugs.TestBug2ClientDemoGallery" name="test_client_sees_demo_gallery" time="0.971" /><testcase classname="tests.test_pik_connect_bugs.TestBug2ClientDemoGallery" name="test_client_can_open_event_detail" time="0.123" /><testcase classname="tests.test_pik_connect_bugs.TestBug2ClientDemoGallery" name="test_demo_event_has_6_indexed_photos" time="0.422" /><testcase classname="tests.test_pik_connect_bugs.TestCoverThumbnailForClient" name="test_client_can_fetch_cover_thumbnail" time="0.571" /><testcase classname="tests.test_pik_connect_bugs.TestConsentAndSearch" name="test_search_blocked_without_consent" time="1.739" /><testcase classname="tests.test_pik_connect_bugs.TestCoverThumbnailForClient" name="test_cover_unauth_still_blocked" time="0.189" /><testcase classname="tests.test_pik_connect_bugs.TestS3Import" name="test_import_s3_empty_bucket" time="2.042" /><testcase classname="tests.test_pik_connect_bugs.TestConsentAndSearch" name="test_consent_then_search_returns_matched_or_retake" time="0.720" /><testcase classname="tests.test_pik_connect_bugs.TestConsentAndSearch" name="test_my_photos_endpoint" time="0.102" /><testcase classname="tests.test_pik_connect_bugs.TestAccessControl" name="test_client_without_grant_403_on_event" time="0.586" /></testsuite></testsuites>