<?xml version="1.0" encoding="utf-8"?><testsuites name="pytest tests"><testsuite name="pytest" errors="0" failures="0" skipped="0" tests="37" time="71.452" timestamp="2026-08-15T20:05:40.224989+00:00" hostname="agent-env-9b77df54-11b3-4a7c-9886-3ef0be6b9d54"><testcase classname="tests.test_lumiere_gallery.TestAccess" name="test_grant_access_email" time="47.697" /><testcase classname="tests.test_lumiere_gallery.TestAccess" name="test_grant_phone" time="0.125" /><testcase classname="tests.test_lumiere_gallery.TestAccess" name="test_list_access" time="0.132" /><testcase classname="tests.test_lumiere_gallery.TestAccess" name="test_patch_full_access" time="4.414" /><testcase classname="tests.test_lumiere_gallery.TestAccess" name="test_revoke" time="0.207" /><testcase classname="tests.test_lumiere_gallery.TestSelfieFlow" name="test_search_blocked_without_consent" time="0.561" /><testcase classname="tests.test_lumiere_gallery.TestSelfieFlow" name="test_give_consent" time="0.105" /><testcase classname="tests.test_lumiere_gallery.TestSelfieFlow" name="test_consent_reject" time="0.097" /><testcase classname="tests.test_lumiere_gallery.TestSelfieFlow" name="test_selfie_search_matches" time="0.131" /><testcase classname="tests.test_lumiere_gallery.TestSelfieFlow" name="test_my_photos_after_search" time="0.106" /><testcase classname="tests.test_lumiere_gallery.TestAdminAuth" name="test_login_success" time="0.000" /><testcase classname="tests.test_lumiere_gallery.TestAdminAuth" name="test_login_bad_password" time="0.348" /><testcase classname="tests.test_lumiere_gallery.TestAdminAuth" name="test_register_and_login_new_admin" time="0.470" /><testcase classname="tests.test_lumiere_gallery.TestAdminAuth" name="test_me_unauthed" time="0.096" /><testcase classname="tests.test_lumiere_gallery.TestPhotoUpload" name="test_upload_photos" time="1.513" /><testcase classname="tests.test_lumiere_gallery.TestEvents" name="test_create_and_list" time="55.989" /><testcase classname="tests.test_lumiere_gallery.TestEvents" name="test_get_event" time="0.101" /><testcase classname="tests.test_lumiere_gallery.TestPhotoUpload" name="test_indexing_status" time="0.136" /><testcase classname="tests.test_lumiere_gallery.TestEvents" name="test_patch_threshold_valid" time="0.236" /><testcase classname="tests.test_lumiere_gallery.TestPhotoUpload" name="test_event_photo_count" time="11.307" /><testcase classname="tests.test_lumiere_gallery.TestEvents" name="test_patch_threshold_invalid_low" time="0.099" /><testcase classname="tests.test_lumiere_gallery.TestEvents" name="test_patch_threshold_invalid_high" time="0.097" /><testcase classname="tests.test_lumiere_gallery.TestEvents" name="test_create_bad_category" time="0.099" /><testcase classname="tests.test_lumiere_gallery.TestEvents" name="test_events_require_admin" time="0.120" /><testcase classname="tests.test_lumiere_gallery.TestFileServing" name="test_admin_can_fetch_photo" time="0.787" /><testcase classname="tests.test_lumiere_gallery.TestFileServing" name="test_files_unauth" time="0.110" /><testcase classname="tests.test_lumiere_gallery.TestFileServing" name="test_files_token_query" time="0.221" /><testcase classname="tests.test_lumiere_gallery.TestHealth" name="test_root" time="0.113" /><testcase classname="tests.test_lumiere_gallery.TestHealth" name="test_meta" time="0.169" /><testcase classname="tests.test_lumiere_gallery.TestFullGalleryAccess" name="test_full_photos_403_without_full_access" time="12.089" /><testcase classname="tests.test_lumiere_gallery.TestPhotoUpload" name="test_upload_empty" time="0.128" /><testcase classname="tests.test_lumiere_gallery.TestClient" name="test_client_no_grant_gets_empty_events" time="0.423" /><testcase classname="tests.test_lumiere_gallery.TestClient" name="test_client_events_lists_shared" time="0.102" /><testcase classname="tests.test_lumiere_gallery.TestClient" name="test_client_event_detail" time="0.119" /><testcase classname="tests.test_lumiere_gallery.TestClient" name="test_verify_wrong_otp" time="0.517" /><testcase classname="tests.test_lumiere_gallery.TestFullGalleryAccess" name="test_full_photos_200_with_full_access" time="0.707" /><testcase classname="tests.test_lumiere_gallery.TestFaceDataDelete" name="test_list_clients_and_delete_face_data" time="0.098" /></testsuite></testsuites>