<?xml version="1.0" encoding="utf-8"?><testsuites name="pytest tests"><testsuite name="pytest" errors="0" failures="1" skipped="0" tests="15" time="9.893" timestamp="2026-09-03T19:47:37.944677+00:00" hostname="agent-env-25b6c3dc-e9f0-4809-a39d-fb2046bd19ef"><testcase classname="tests.test_quotations.TestQuotationCRUD" name="test_create_without_pricing" time="1.431" /><testcase classname="tests.test_quotations.TestQuotationCRUD" name="test_list_contains_created" time="0.748" /><testcase classname="tests.test_quotations.TestQuotationCRUD" name="test_get_detail" time="0.206" /><testcase classname="tests.test_quotations.TestQuotationCRUD" name="test_patch_updates_subject_and_persists" time="0.481" /><testcase classname="tests.test_quotations.TestShareAndPdf" name="test_share_returns_share_url" time="0.317" /><testcase classname="tests.test_quotations.TestShareAndPdf" name="test_admin_pdf" time="2.607" /><testcase classname="tests.test_quotations.TestShareAndPdf" name="test_public_view_ok" time="0.187"><failure message="AssertionError: assert False&#10; +  where False = &lt;built-in method startswith of str object at 0xf89db951ce30&gt;('TEST_QUO')&#10; +    where &lt;built-in method startswith of str object at 0xf89db951ce30&gt; = 'Client'.startswith&#10; +      where 'Client' = &lt;built-in method get of dict object at 0xf89db951cd00&gt;('name', '')&#10; +        where &lt;built-in method get of dict object at 0xf89db951cd00&gt; = {'name': 'Client', 'address': None, 'gstin': None, 'state': None, ...}.get&#10; +          where {'name': 'Client', 'address': None, 'gstin': None, 'state': None, ...} = &lt;built-in method get of dict object at 0xf89db951c280&gt;('client', {})&#10; +            where &lt;built-in method get of dict object at 0xf89db951c280&gt; = {'quotation_id': 'quo_d3bb042bdf53', 'quotation_number': 'QUO-0003', 'seq': 3, 'fy': '25-26', ...}.get">backend/tests/test_quotations.py:172: in test_public_view_ok
    assert d.get("client", {}).get("name", "").startswith("TEST_QUO")
E   AssertionError: assert False
E    +  where False = &lt;built-in method startswith of str object at 0xf89db951ce30&gt;('TEST_QUO')
E    +    where &lt;built-in method startswith of str object at 0xf89db951ce30&gt; = 'Client'.startswith
E    +      where 'Client' = &lt;built-in method get of dict object at 0xf89db951cd00&gt;('name', '')
E    +        where &lt;built-in method get of dict object at 0xf89db951cd00&gt; = {'name': 'Client', 'address': None, 'gstin': None, 'state': None, ...}.get
E    +          where {'name': 'Client', 'address': None, 'gstin': None, 'state': None, ...} = &lt;built-in method get of dict object at 0xf89db951c280&gt;('client', {})
E    +            where &lt;built-in method get of dict object at 0xf89db951c280&gt; = {'quotation_id': 'quo_d3bb042bdf53', 'quotation_number': 'QUO-0003', 'seq': 3, 'fy': '25-26', ...}.get</failure></testcase><testcase classname="tests.test_quotations.TestShareAndPdf" name="test_public_pdf" time="0.382" /><testcase classname="tests.test_quotations.TestShareAndPdf" name="test_public_bad_token_404" time="0.138" /><testcase classname="tests.test_quotations.TestPublicRespond" name="test_invalid_action_400" time="0.129" /><testcase classname="tests.test_quotations.TestPublicRespond" name="test_revision_flow_sets_status_and_notifies" time="0.991" /><testcase classname="tests.test_quotations.TestPublicRespond" name="test_accept_flow_sets_status_and_notifies" time="0.737" /><testcase classname="tests.test_quotations.TestConvert" name="test_convert_to_invoice" time="0.384" /><testcase classname="tests.test_quotations.TestConvert" name="test_convert_to_proforma_creates_second_invoice" time="0.352" /><testcase classname="tests.test_quotations.TestDeleteQuotation" name="test_delete_and_verify_404" time="0.700" /></testsuite></testsuites>