<?xml version="1.0" encoding="utf-8"?><testsuites name="pytest tests"><testsuite name="pytest" errors="0" failures="0" skipped="0" tests="23" time="3.514" timestamp="2026-09-04T07:08:28.609470+00:00" hostname="agent-env-25b6c3dc-e9f0-4809-a39d-fb2046bd19ef"><testcase classname="tests.test_quotations.TestQuotationCRUD" name="test_create_without_pricing" time="0.481" /><testcase classname="tests.test_quotations.TestShareAndPdf" name="test_share_returns_share_url" time="0.525" /><testcase classname="tests.test_quotations.TestShareAndPdf" name="test_admin_pdf" time="0.208" /><testcase classname="tests.test_quotations.TestQuotationCRUD" name="test_list_contains_created" time="0.239" /><testcase classname="tests.test_quotations.TestQuotationCRUD" name="test_get_detail" time="0.069" /><testcase classname="tests.test_quotations.TestShareAndPdf" name="test_public_view_ok" time="0.117" /><testcase classname="tests.test_quotations.TestQuotationCRUD" name="test_patch_updates_subject_and_persists" time="0.159" /><testcase classname="tests.test_quotations.TestShareAndPdf" name="test_public_pdf" time="0.268" /><testcase classname="tests.test_quotations.TestTemplates" name="test_save_as_template_and_list" time="0.144" /><testcase classname="tests.test_quotations.TestTemplates" name="test_save_same_name_upserts_not_duplicates" time="0.233" /><testcase classname="tests.test_quotations.TestShareAndPdf" name="test_public_bad_token_404" time="0.175" /><testcase classname="tests.test_quotations.TestPublicRespond" name="test_invalid_action_400" time="0.245" /><testcase classname="tests.test_quotations.TestTemplates" name="test_create_template_directly_and_delete" time="0.218" /><testcase classname="tests.test_quotations.TestPublicRespond" name="test_revision_flow_sets_status_and_notifies" time="0.306" /><testcase classname="tests.test_quotations.TestTemplates" name="test_cleanup_saved_template" time="0.068" /><testcase classname="tests.test_quotations" name="test_rich_body_is_sanitised_and_rendered" time="0.987" /><testcase classname="tests.test_quotations.TestPublicRespond" name="test_accept_flow_sets_status_and_notifies" time="0.266" /><testcase classname="tests.test_quotations.TestConvert" name="test_convert_to_invoice" time="0.130" /><testcase classname="tests.test_quotations.TestConvert" name="test_convert_to_proforma_creates_second_invoice" time="0.131" /><testcase classname="tests.test_quotations.TestRevision" name="test_revise_clones_as_draft_keeps_number_and_note" time="0.574" /><testcase classname="tests.test_quotations" name="test_legacy_plain_body_becomes_paragraphs" time="0.083" /><testcase classname="tests.test_quotations" name="test_template_body_is_sanitised" time="0.192" /><testcase classname="tests.test_quotations.TestDeleteQuotation" name="test_delete_and_verify_404" time="0.244" /></testsuite></testsuites>