<?xml version="1.0" encoding="utf-8"?><testsuites name="pytest tests"><testsuite name="pytest" errors="0" failures="0" skipped="0" tests="8" time="1.732" timestamp="2026-08-26T20:15:38.429946+00:00" hostname="agent-env-a70c8c7c-7909-439b-b400-7e934db51d33"><testcase classname="tests.test_studio_onboarding.TestAdminProfile" name="test_profile_without_auth_returns_401" time="0.293" /><testcase classname="tests.test_studio_onboarding.TestSuperadminUnaffected" name="test_superadmin_login_still_works" time="0.564" /><testcase classname="tests.test_studio_onboarding.TestSuperadminUnaffected" name="test_superadmin_can_access_protected_endpoint" time="0.494" /><testcase classname="tests.test_studio_onboarding.TestAdminProfile" name="test_profile_missing_required_returns_400" time="0.710" /><testcase classname="tests.test_studio_onboarding.TestAdminProfile" name="test_profile_pydantic_missing_field_rejected" time="0.061" /><testcase classname="tests.test_studio_onboarding.TestAdminProfile" name="test_profile_save_marks_complete_and_updates_name_phone" time="0.283" /><testcase classname="tests.test_studio_onboarding.TestAdminRegister" name="test_register_returns_profile_incomplete" time="0.289" /><testcase classname="tests.test_studio_onboarding.TestAdminProfile" name="test_me_reflects_profile_complete_after_save" time="0.053" /></testsuite></testsuites>